\BOOKMARK [0][-]{chapter.1}{\376\377\000P\000r\000o\000b\000a\000b\000i\000l\000i\000d\000a\000d}{}% 1
\BOOKMARK [1][-]{section.1.1}{\376\377\000D\000e\000f\000i\000n\000i\000c\000i\000o\000n\000e\000s}{chapter.1}% 2
\BOOKMARK [1][-]{section.1.2}{\376\377\000R\000e\000g\000l\000a\000s\000\040\000d\000e\000\040\000p\000r\000o\000b\000a\000b\000i\000l\000i\000d\000a\000d\000\040\000y\000\040\000r\000e\000s\000u\000l\000t\000a\000d\000o\000s\000\040\000i\000m\000p\000o\000r\000t\000a\000n\000t\000e\000s}{chapter.1}% 3
\BOOKMARK [0][-]{chapter.2}{\376\377\000V\000a\000r\000i\000a\000b\000l\000e\000\040\000a\000l\000e\000a\000t\000o\000r\000i\000a}{}% 4
\BOOKMARK [1][-]{section.2.1}{\376\377\000F\000u\000n\000c\000i\000\363\000n\000\040\000d\000e\000\040\000d\000i\000s\000t\000r\000i\000b\000u\000c\000i\000\363\000n\000\040\000d\000e\000\040\000u\000n\000a\000\040\000v\000a\000r\000i\000a\000b\000l\000e\000\040\000a\000l\000e\000a\000t\000o\000r\000i\000a}{chapter.2}% 5
\BOOKMARK [1][-]{section.2.2}{\376\377\000O\000p\000e\000r\000a\000d\000o\000r\000\040\000E\000s\000p\000e\000r\000a\000n\000z\000a\000\040\000y\000\040\000p\000a\000r\000\341\000m\000e\000t\000r\000o\000s\000\040\000d\000e\000\040\000v\000a\000r\000i\000a\000b\000l\000e\000s\000\040\000a\000l\000e\000a\000t\000o\000r\000i\000a\000s}{chapter.2}% 6
\BOOKMARK [2][-]{subsection.2.2.1}{\376\377\000M\000o\000m\000e\000n\000t\000o\000s\000\040\000d\000e\000\040\000o\000r\000d\000e\000n}{section.2.2}% 7
\BOOKMARK [2][-]{subsection.2.2.2}{\376\377\000V\000a\000r\000i\000a\000b\000l\000e\000\040\000n\000o\000r\000m\000a\000l\000i\000z\000a\000d\000a}{section.2.2}% 8
\BOOKMARK [2][-]{subsection.2.2.3}{\376\377\000D\000e\000s\000i\000g\000u\000a\000l\000d\000a\000d\000\040\000d\000e\000\040\000C\000h\000e\000b\000y\000c\000h\000e\000v}{section.2.2}% 9
\BOOKMARK [1][-]{section.2.3}{\376\377\000T\000r\000a\000n\000s\000f\000o\000r\000m\000a\000c\000i\000\363\000n\000\040\000d\000e\000\040\000v\000a\000r\000i\000a\000b\000l\000e\000s}{chapter.2}% 10
\BOOKMARK [1][-]{section.2.4}{\376\377\000M\000u\000l\000t\000i\000v\000a\000r\000i\000a\000b\000l\000e\000s}{chapter.2}% 11
\BOOKMARK [2][-]{subsection.2.4.1}{\376\377\000D\000o\000s\000\040\000v\000a\000r\000i\000a\000b\000l\000e\000s}{section.2.4}% 12
\BOOKMARK [2][-]{subsection.2.4.2}{\376\377\000T\000r\000a\000n\000s\000f\000o\000r\000m\000a\000c\000i\000\363\000n\000\040\000d\000e\000\040\000v\000a\000r\000i\000a\000b\000l\000e\000s\000\040\000c\000o\000n\000\040\000d\000o\000s\000\040\000v\000a\000r\000i\000a\000b\000l\000e\000s}{section.2.4}% 13
\BOOKMARK [2][-]{subsection.2.4.3}{\376\377\000C\000a\000s\000o\000\040\000d\000e\000\040\000n\000\040\000v\000a\000r\000i\000a\000b\000l\000e\000s}{section.2.4}% 14
\BOOKMARK [2][-]{subsection.2.4.4}{\376\377\000V\000e\000c\000t\000o\000r\000\040\000d\000e\000\040\000m\000e\000d\000i\000a\000,\000\040\000v\000a\000r\000i\000a\000n\000z\000a\000\040\000y\000\040\000c\000o\000v\000a\000r\000i\000a\000n\000z\000a}{section.2.4}% 15
\BOOKMARK [1][-]{section.2.5}{\376\377\000T\000r\000a\000n\000s\000f\000o\000r\000m\000a\000c\000i\000\363\000n\000\040\000d\000e\000\040\000n\000\040\000v\000a\000r\000i\000a\000b\000l\000e\000s}{chapter.2}% 16
\BOOKMARK [2][-]{subsection.2.5.1}{\376\377\000T\000r\000a\000n\000s\000f\000o\000r\000m\000a\000c\000i\000\363\000n\000\040\000l\000i\000n\000e\000a\000l\000\040\000y\000\040\000o\000r\000t\000o\000g\000o\000n\000a\000l}{section.2.5}% 17
\BOOKMARK [0][-]{chapter.3}{\376\377\000F\000u\000n\000c\000i\000o\000n\000e\000s\000\040\000d\000e\000\040\000d\000i\000s\000t\000r\000i\000b\000u\000c\000i\000\363\000n\000\040\000e\000s\000p\000e\000c\000i\000a\000l\000e\000s}{}% 18
\BOOKMARK [1][-]{section.3.1}{\376\377\000D\000i\000s\000t\000r\000i\000b\000u\000c\000i\000\363\000n\000\040\000B\000i\000n\000o\000m\000i\000a\000l}{chapter.3}% 19
\BOOKMARK [2][-]{subsection.3.1.1}{\376\377\000P\000a\000r\000\341\000m\000e\000t\000r\000o\000s\000\040\000d\000e\000\040\000l\000a\000\040\000b\000i\000n\000o\000m\000i\000a\000l}{section.3.1}% 20
\BOOKMARK [1][-]{section.3.2}{\376\377\000M\000u\000l\000t\000i\000n\000o\000m\000i\000a\000l}{chapter.3}% 21
\BOOKMARK [2][-]{subsection.3.2.1}{\376\377\000P\000a\000r\000\341\000m\000e\000t\000r\000o\000s\000\040\000d\000e\000\040\000l\000a\000\040\000m\000u\000l\000t\000i\000n\000o\000m\000i\000a\000l}{section.3.2}% 22
\BOOKMARK [1][-]{section.3.3}{\376\377\000P\000o\000i\000s\000s\000o\000n\000i\000a\000n\000a}{chapter.3}% 23
\BOOKMARK [2][-]{subsection.3.3.1}{\376\377\000P\000a\000r\000\341\000m\000e\000t\000r\000o\000s\000\040\000d\000e\000\040\000l\000a\000\040\000p\000o\000i\000s\000s\000o\000n\000i\000a\000n\000a}{section.3.3}% 24
\BOOKMARK [1][-]{section.3.4}{\376\377\000G\000a\000u\000s\000s\000i\000a\000n\000a}{chapter.3}% 25
\BOOKMARK [2][-]{subsection.3.4.1}{\376\377\000P\000a\000r\000\341\000m\000e\000t\000r\000o\000s\000\040\000d\000e\000\040\000l\000a\000\040\000g\000a\000u\000s\000s\000i\000a\000n\000a}{section.3.4}% 26
\BOOKMARK [2][-]{subsection.3.4.2}{\376\377\000N\000o\000r\000m\000a\000l\000i\000z\000a\000c\000i\000\363\000n\000\040\000d\000e\000\040\000l\000a\000\040\000g\000a\000u\000s\000s\000i\000a\000n\000a}{section.3.4}% 27
\BOOKMARK [2][-]{subsection.3.4.3}{\376\377\000C\000r\000i\000t\000e\000r\000i\000o\000\040\000d\000e\000\040\000l\000o\000s\000\040\0003\000\040\000s\000i\000g\000m\000a\000s}{section.3.4}% 28
\BOOKMARK [1][-]{section.3.5}{\376\377\000M\000\351\000t\000o\000d\000o\000\040\000d\000e\000\040\000M\000o\000n\000t\000e\000c\000a\000r\000l\000o}{chapter.3}% 29
\BOOKMARK [2][-]{subsection.3.5.1}{\376\377\000M\000\351\000t\000o\000d\000o\000\040\000d\000e\000\040\000g\000e\000n\000e\000r\000a\000c\000i\000\363\000n\000\040\000d\000e\000\040\000n\000\372\000m\000e\000r\000o\000s\000\040\000p\000s\000e\000u\000d\000o\000a\000l\000e\000a\000t\000o\000r\000i\000o\000s}{section.3.5}% 30
\BOOKMARK [2][-]{subsection.3.5.2}{\376\377\000E\000j\000e\000m\000p\000l\000o}{section.3.5}% 31
\BOOKMARK [0][-]{chapter.4}{\376\377\000T\000e\000o\000r\000e\000m\000a\000\040\000c\000e\000n\000t\000r\000a\000l\000\040\000d\000e\000l\000\040\000L\000\355\000m\000i\000t\000e}{}% 32
\BOOKMARK [1][-]{section.4.1}{\376\377\000F\000u\000n\000c\000i\000\363\000n\000\040\000C\000a\000r\000a\000c\000t\000e\000r\000\355\000s\000t\000i\000c\000a}{chapter.4}% 33
